[ 2019-03-25T09:07:53+08:00 ] ::1 /shetuanguanli/index.php/Admin/Index/index.html
INFO: [ app_init ] --START--
INFO: Run Behavior\BuildLiteBehavior [ RunTime:0.000010s ]
INFO: [ app_init ] --END-- [ RunTime:0.000474s ]
INFO: [ app_begin ] --START--
INFO: Run Behavior\ReadHtmlCacheBehavior [ RunTime:0.000525s ]
INFO: [ app_begin ] --END-- [ RunTime:0.000563s ]
INFO: [ view_parse ] --START--
INFO: [ template_filter ] --START--
INFO: Run Behavior\ContentReplaceBehavior [ RunTime:0.000207s ]
INFO: [ template_filter ] --END-- [ RunTime:0.000256s ]
INFO: Run Behavior\ParseTemplateBehavior [ RunTime:0.023763s ]
INFO: [ view_parse ] --END-- [ RunTime:0.023813s ]
INFO: [ view_filter ] --START--
INFO: Run Behavior\WriteHtmlCacheBehavior [ RunTime:0.000412s ]
INFO: [ view_filter ] --END-- [ RunTime:0.000438s ]
INFO: [ app_end ] --START--
INFO: Run Behavior\ShowPageTraceBehavior [ RunTime:0.000848s ]
INFO: [ app_end ] --END-- [ RunTime:0.000891s ]

[ 2019-03-25T09:07:54+08:00 ] ::1 /shetuanguanli/index.php/Admin/Index/css/style.css
INFO: [ app_init ] --START--
INFO: Run Behavior\BuildLiteBehavior [ RunTime:0.000010s ]
INFO: [ app_init ] --END-- [ RunTime:0.000422s ]
INFO: [ app_begin ] --START--
INFO: Run Behavior\ReadHtmlCacheBehavior [ RunTime:0.000589s ]
INFO: [ app_begin ] --END-- [ RunTime:0.000630s ]
ERR: 非法操作:css

[ 2019-03-25T09:07:55+08:00 ] ::1 /shetuanguanli/index.php/Admin/Index/js/jquery.nicescroll.js
INFO: [ app_init ] --START--
INFO: Run Behavior\BuildLiteBehavior [ RunTime:0.000024s ]
INFO: [ app_init ] --END-- [ RunTime:0.001105s ]
INFO: [ app_begin ] --START--
INFO: Run Behavior\ReadHtmlCacheBehavior [ RunTime:0.001238s ]
INFO: [ app_begin ] --END-- [ RunTime:0.001333s ]
ERR: 非法操作:js

[ 2019-03-25T09:07:55+08:00 ] ::1 /shetuanguanli/index.php/Admin/Index/home.html
INFO: [ app_init ] --START--
INFO: Run Behavior\BuildLiteBehavior [ RunTime:0.000020s ]
INFO: [ app_init ] --END-- [ RunTime:0.000822s ]
INFO: [ app_begin ] --START--
INFO: Run Behavior\ReadHtmlCacheBehavior [ RunTime:0.001128s ]
INFO: [ app_begin ] --END-- [ RunTime:0.001208s ]
ERR: 非法操作:home

[ 2019-03-25T09:07:58+08:00 ] ::1 /shetuanguanli/index.php/Admin/Index/major_list.html
INFO: [ app_init ] --START--
INFO: Run Behavior\BuildLiteBehavior [ RunTime:0.000010s ]
INFO: [ app_init ] --END-- [ RunTime:0.000450s ]
INFO: [ app_begin ] --START--
INFO: Run Behavior\ReadHtmlCacheBehavior [ RunTime:0.000557s ]
INFO: [ app_begin ] --END-- [ RunTime:0.000651s ]
SQL: SHOW COLUMNS FROM `stgl_major` [ RunTime:0.1651s ]
NOTIC: [2] Missing argument 1 for Admin\Model\MajorModel::selMajor(), called in D:\phpStudy\PHPTutorial\WWW\shetuanguanli\Application\Admin\Controller\IndexController.class.php on line 86 and defined D:\phpStudy\PHPTutorial\WWW\shetuanguanli\Application\Admin\Model\MajorModel.class.php 第 28 行.
SQL: SHOW COLUMNS FROM `stgl_major` [ RunTime:0.0179s ]
NOTIC: [8] Undefined variable: data D:\phpStudy\PHPTutorial\WWW\shetuanguanli\Application\Admin\Model\MajorModel.class.php 第 31 行.
SQL: SELECT * FROM `stgl_major`  [ RunTime:0.0005s ]
NOTIC: [2] Missing argument 1 for Admin\Model\MajorModel::countMajor(), called in D:\phpStudy\PHPTutorial\WWW\shetuanguanli\Application\Admin\Controller\IndexController.class.php on line 87 and defined D:\phpStudy\PHPTutorial\WWW\shetuanguanli\Application\Admin\Model\MajorModel.class.php 第 40 行.
NOTIC: [8] Undefined variable: data D:\phpStudy\PHPTutorial\WWW\shetuanguanli\Application\Admin\Model\MajorModel.class.php 第 43 行.
SQL: SELECT COUNT(*) AS tp_count FROM `stgl_major` LIMIT 1   [ RunTime:0.0004s ]
INFO: [ view_parse ] --START--
INFO: [ template_filter ] --START--
INFO: Run Behavior\ContentReplaceBehavior [ RunTime:0.000158s ]
INFO: [ template_filter ] --END-- [ RunTime:0.000210s ]
INFO: Run Behavior\ParseTemplateBehavior [ RunTime:0.014721s ]
INFO: [ view_parse ] --END-- [ RunTime:0.014784s ]
INFO: [ view_filter ] --START--
INFO: Run Behavior\WriteHtmlCacheBehavior [ RunTime:0.000592s ]
INFO: [ view_filter ] --END-- [ RunTime:0.000635s ]
INFO: [ app_end ] --START--
INFO: Run Behavior\ShowPageTraceBehavior [ RunTime:0.000929s ]
INFO: [ app_end ] --END-- [ RunTime:0.000991s ]

[ 2019-03-25T09:08:52+08:00 ] ::1 /shetuanguanli/index.php/Admin/Index/major_list.html
INFO: [ app_init ] --START--
INFO: Run Behavior\BuildLiteBehavior [ RunTime:0.000035s ]
INFO: [ app_init ] --END-- [ RunTime:0.001025s ]
INFO: [ app_begin ] --START--
INFO: Run Behavior\ReadHtmlCacheBehavior [ RunTime:0.001298s ]
INFO: [ app_begin ] --END-- [ RunTime:0.001494s ]
SQL: SHOW COLUMNS FROM `stgl_major` [ RunTime:0.0196s ]
NOTIC: [2] Missing argument 1 for Admin\Model\MajorModel::selMajor(), called in D:\phpStudy\PHPTutorial\WWW\shetuanguanli\Application\Admin\Controller\IndexController.class.php on line 86 and defined D:\phpStudy\PHPTutorial\WWW\shetuanguanli\Application\Admin\Model\MajorModel.class.php 第 28 行.
SQL: SHOW COLUMNS FROM `stgl_major` [ RunTime:0.0167s ]
NOTIC: [8] Undefined variable: data D:\phpStudy\PHPTutorial\WWW\shetuanguanli\Application\Admin\Model\MajorModel.class.php 第 31 行.
SQL: SELECT * FROM `stgl_major`  [ RunTime:0.0003s ]
NOTIC: [2] Missing argument 1 for Admin\Model\MajorModel::countMajor(), called in D:\phpStudy\PHPTutorial\WWW\shetuanguanli\Application\Admin\Controller\IndexController.class.php on line 87 and defined D:\phpStudy\PHPTutorial\WWW\shetuanguanli\Application\Admin\Model\MajorModel.class.php 第 40 行.
NOTIC: [8] Undefined variable: data D:\phpStudy\PHPTutorial\WWW\shetuanguanli\Application\Admin\Model\MajorModel.class.php 第 43 行.
SQL: SELECT COUNT(*) AS tp_count FROM `stgl_major` LIMIT 1   [ RunTime:0.0002s ]
INFO: [ view_parse ] --START--
INFO: [ template_filter ] --START--
INFO: Run Behavior\ContentReplaceBehavior [ RunTime:0.000084s ]
INFO: [ template_filter ] --END-- [ RunTime:0.000119s ]
INFO: Run Behavior\ParseTemplateBehavior [ RunTime:0.008565s ]
INFO: [ view_parse ] --END-- [ RunTime:0.008607s ]
INFO: [ view_filter ] --START--
INFO: Run Behavior\WriteHtmlCacheBehavior [ RunTime:0.000384s ]
INFO: [ view_filter ] --END-- [ RunTime:0.000410s ]
INFO: [ app_end ] --START--
INFO: Run Behavior\ShowPageTraceBehavior [ RunTime:0.000602s ]
INFO: [ app_end ] --END-- [ RunTime:0.000643s ]

[ 2019-03-25T09:08:55+08:00 ] ::1 /shetuanguanli/index.php/Admin/Index/updatemajorState.html
INFO: [ app_init ] --START--
INFO: Run Behavior\BuildLiteBehavior [ RunTime:0.000010s ]
INFO: [ app_init ] --END-- [ RunTime:0.000391s ]
INFO: [ app_begin ] --START--
INFO: Run Behavior\ReadHtmlCacheBehavior [ RunTime:0.000491s ]
INFO: [ app_begin ] --END-- [ RunTime:0.000524s ]
ERR: 非法操作:updatemajorState

[ 2019-03-25T09:08:57+08:00 ] ::1 /shetuanguanli/index.php/Admin/Index/major_list.html
INFO: [ app_init ] --START--
INFO: Run Behavior\BuildLiteBehavior [ RunTime:0.000016s ]
INFO: [ app_init ] --END-- [ RunTime:0.000549s ]
INFO: [ app_begin ] --START--
INFO: Run Behavior\ReadHtmlCacheBehavior [ RunTime:0.000624s ]
INFO: [ app_begin ] --END-- [ RunTime:0.000691s ]
SQL: SHOW COLUMNS FROM `stgl_major` [ RunTime:0.0265s ]
NOTIC: [2] Missing argument 1 for Admin\Model\MajorModel::selMajor(), called in D:\phpStudy\PHPTutorial\WWW\shetuanguanli\Application\Admin\Controller\IndexController.class.php on line 86 and defined D:\phpStudy\PHPTutorial\WWW\shetuanguanli\Application\Admin\Model\MajorModel.class.php 第 28 行.
SQL: SHOW COLUMNS FROM `stgl_major` [ RunTime:0.0199s ]
NOTIC: [8] Undefined variable: data D:\phpStudy\PHPTutorial\WWW\shetuanguanli\Application\Admin\Model\MajorModel.class.php 第 31 行.
SQL: SELECT * FROM `stgl_major`  [ RunTime:0.0006s ]
NOTIC: [2] Missing argument 1 for Admin\Model\MajorModel::countMajor(), called in D:\phpStudy\PHPTutorial\WWW\shetuanguanli\Application\Admin\Controller\IndexController.class.php on line 87 and defined D:\phpStudy\PHPTutorial\WWW\shetuanguanli\Application\Admin\Model\MajorModel.class.php 第 40 行.
NOTIC: [8] Undefined variable: data D:\phpStudy\PHPTutorial\WWW\shetuanguanli\Application\Admin\Model\MajorModel.class.php 第 43 行.
SQL: SELECT COUNT(*) AS tp_count FROM `stgl_major` LIMIT 1   [ RunTime:0.0007s ]
INFO: [ view_parse ] --START--
INFO: [ template_filter ] --START--
INFO: Run Behavior\ContentReplaceBehavior [ RunTime:0.000099s ]
INFO: [ template_filter ] --END-- [ RunTime:0.000140s ]
INFO: Run Behavior\ParseTemplateBehavior [ RunTime:0.010644s ]
INFO: [ view_parse ] --END-- [ RunTime:0.010716s ]
INFO: [ view_filter ] --START--
INFO: Run Behavior\WriteHtmlCacheBehavior [ RunTime:0.000537s ]
INFO: [ view_filter ] --END-- [ RunTime:0.000571s ]
INFO: [ app_end ] --START--
INFO: Run Behavior\ShowPageTraceBehavior [ RunTime:0.000808s ]
INFO: [ app_end ] --END-- [ RunTime:0.000869s ]

[ 2019-03-25T09:13:51+08:00 ] ::1 /shetuanguanli/index.php/Admin/Index/major_list.html
INFO: [ app_init ] --START--
INFO: Run Behavior\BuildLiteBehavior [ RunTime:0.000012s ]
INFO: [ app_init ] --END-- [ RunTime:0.000632s ]
INFO: [ app_begin ] --START--
INFO: Run Behavior\ReadHtmlCacheBehavior [ RunTime:0.000677s ]
INFO: [ app_begin ] --END-- [ RunTime:0.000768s ]
SQL: SHOW COLUMNS FROM `stgl_major` [ RunTime:0.0139s ]
NOTIC: [2] Missing argument 1 for Admin\Model\MajorModel::selMajor(), called in D:\phpStudy\PHPTutorial\WWW\shetuanguanli\Application\Admin\Controller\IndexController.class.php on line 86 and defined D:\phpStudy\PHPTutorial\WWW\shetuanguanli\Application\Admin\Model\MajorModel.class.php 第 28 行.
SQL: SHOW COLUMNS FROM `stgl_major` [ RunTime:0.0148s ]
NOTIC: [8] Undefined variable: data D:\phpStudy\PHPTutorial\WWW\shetuanguanli\Application\Admin\Model\MajorModel.class.php 第 31 行.
SQL: SELECT * FROM `stgl_major`  [ RunTime:0.0003s ]
NOTIC: [2] Missing argument 1 for Admin\Model\MajorModel::countMajor(), called in D:\phpStudy\PHPTutorial\WWW\shetuanguanli\Application\Admin\Controller\IndexController.class.php on line 87 and defined D:\phpStudy\PHPTutorial\WWW\shetuanguanli\Application\Admin\Model\MajorModel.class.php 第 40 行.
NOTIC: [8] Undefined variable: data D:\phpStudy\PHPTutorial\WWW\shetuanguanli\Application\Admin\Model\MajorModel.class.php 第 43 行.
SQL: SELECT COUNT(*) AS tp_count FROM `stgl_major` LIMIT 1   [ RunTime:0.0002s ]
INFO: [ view_parse ] --START--
INFO: [ template_filter ] --START--
INFO: Run Behavior\ContentReplaceBehavior [ RunTime:0.000095s ]
INFO: [ template_filter ] --END-- [ RunTime:0.000128s ]
INFO: Run Behavior\ParseTemplateBehavior [ RunTime:0.010895s ]
INFO: [ view_parse ] --END-- [ RunTime:0.010954s ]
INFO: [ view_filter ] --START--
INFO: Run Behavior\WriteHtmlCacheBehavior [ RunTime:0.000553s ]
INFO: [ view_filter ] --END-- [ RunTime:0.000592s ]
INFO: [ app_end ] --START--
INFO: Run Behavior\ShowPageTraceBehavior [ RunTime:0.000844s ]
INFO: [ app_end ] --END-- [ RunTime:0.000896s ]

[ 2019-03-25T09:13:53+08:00 ] ::1 /shetuanguanli/index.php/Admin/Index/major_list.html
INFO: [ app_init ] --START--
INFO: Run Behavior\BuildLiteBehavior [ RunTime:0.000011s ]
INFO: [ app_init ] --END-- [ RunTime:0.000457s ]
INFO: [ app_begin ] --START--
INFO: Run Behavior\ReadHtmlCacheBehavior [ RunTime:0.000471s ]
INFO: [ app_begin ] --END-- [ RunTime:0.000507s ]
SQL: SHOW COLUMNS FROM `stgl_major` [ RunTime:0.0201s ]
NOTIC: [2] Missing argument 1 for Admin\Model\MajorModel::selMajor(), called in D:\phpStudy\PHPTutorial\WWW\shetuanguanli\Application\Admin\Controller\IndexController.class.php on line 86 and defined D:\phpStudy\PHPTutorial\WWW\shetuanguanli\Application\Admin\Model\MajorModel.class.php 第 28 行.
SQL: SHOW COLUMNS FROM `stgl_major` [ RunTime:0.0304s ]
NOTIC: [8] Undefined variable: data D:\phpStudy\PHPTutorial\WWW\shetuanguanli\Application\Admin\Model\MajorModel.class.php 第 31 行.
SQL: SELECT * FROM `stgl_major`  [ RunTime:0.0004s ]
NOTIC: [2] Missing argument 1 for Admin\Model\MajorModel::countMajor(), called in D:\phpStudy\PHPTutorial\WWW\shetuanguanli\Application\Admin\Controller\IndexController.class.php on line 87 and defined D:\phpStudy\PHPTutorial\WWW\shetuanguanli\Application\Admin\Model\MajorModel.class.php 第 40 行.
NOTIC: [8] Undefined variable: data D:\phpStudy\PHPTutorial\WWW\shetuanguanli\Application\Admin\Model\MajorModel.class.php 第 43 行.
SQL: SELECT COUNT(*) AS tp_count FROM `stgl_major` LIMIT 1   [ RunTime:0.0003s ]
INFO: [ view_parse ] --START--
INFO: [ template_filter ] --START--
INFO: Run Behavior\ContentReplaceBehavior [ RunTime:0.000228s ]
INFO: [ template_filter ] --END-- [ RunTime:0.000337s ]
INFO: Run Behavior\ParseTemplateBehavior [ RunTime:0.017087s ]
INFO: [ view_parse ] --END-- [ RunTime:0.017156s ]
INFO: [ view_filter ] --START--
INFO: Run Behavior\WriteHtmlCacheBehavior [ RunTime:0.000719s ]
INFO: [ view_filter ] --END-- [ RunTime:0.000771s ]
INFO: [ app_end ] --START--
INFO: Run Behavior\ShowPageTraceBehavior [ RunTime:0.000992s ]
INFO: [ app_end ] --END-- [ RunTime:0.001052s ]

[ 2019-03-25T09:13:58+08:00 ] ::1 /shetuanguanli/index.php/Admin/Index/updateMajorState.html
INFO: [ app_init ] --START--
INFO: Run Behavior\BuildLiteBehavior [ RunTime:0.000011s ]
INFO: [ app_init ] --END-- [ RunTime:0.000495s ]
INFO: [ app_begin ] --START--
INFO: Run Behavior\ReadHtmlCacheBehavior [ RunTime:0.000557s ]
INFO: [ app_begin ] --END-- [ RunTime:0.000597s ]
SQL: SHOW COLUMNS FROM `stgl_major` [ RunTime:0.0136s ]
SQL: SHOW COLUMNS FROM `stgl_major` [ RunTime:0.0267s ]
NOTIC: [8] Use of undefined constant id - assumed 'id' D:\phpStudy\PHPTutorial\WWW\shetuanguanli\Application\Admin\Model\MajorModel.class.php 第 55 行.
SQL: UPDATE `stgl_major` SET `state`='1' WHERE `Id` = 1 [ RunTime:0.0007s ]
INFO: [ app_end ] --START--
INFO: Run Behavior\ShowPageTraceBehavior [ RunTime:0.000725s ]
INFO: [ app_end ] --END-- [ RunTime:0.000765s ]

[ 2019-03-25T09:14:00+08:00 ] ::1 /shetuanguanli/index.php/Admin/Index/major_list.html
INFO: [ app_init ] --START--
INFO: Run Behavior\BuildLiteBehavior [ RunTime:0.000065s ]
INFO: [ app_init ] --END-- [ RunTime:0.000734s ]
INFO: [ app_begin ] --START--
INFO: Run Behavior\ReadHtmlCacheBehavior [ RunTime:0.000703s ]
INFO: [ app_begin ] --END-- [ RunTime:0.000761s ]
SQL: SHOW COLUMNS FROM `stgl_major` [ RunTime:0.0138s ]
NOTIC: [2] Missing argument 1 for Admin\Model\MajorModel::selMajor(), called in D:\phpStudy\PHPTutorial\WWW\shetuanguanli\Application\Admin\Controller\IndexController.class.php on line 86 and defined D:\phpStudy\PHPTutorial\WWW\shetuanguanli\Application\Admin\Model\MajorModel.class.php 第 28 行.
SQL: SHOW COLUMNS FROM `stgl_major` [ RunTime:0.0149s ]
NOTIC: [8] Undefined variable: data D:\phpStudy\PHPTutorial\WWW\shetuanguanli\Application\Admin\Model\MajorModel.class.php 第 31 行.
SQL: SELECT * FROM `stgl_major`  [ RunTime:0.0002s ]
NOTIC: [2] Missing argument 1 for Admin\Model\MajorModel::countMajor(), called in D:\phpStudy\PHPTutorial\WWW\shetuanguanli\Application\Admin\Controller\IndexController.class.php on line 87 and defined D:\phpStudy\PHPTutorial\WWW\shetuanguanli\Application\Admin\Model\MajorModel.class.php 第 40 行.
NOTIC: [8] Undefined variable: data D:\phpStudy\PHPTutorial\WWW\shetuanguanli\Application\Admin\Model\MajorModel.class.php 第 43 行.
SQL: SELECT COUNT(*) AS tp_count FROM `stgl_major` LIMIT 1   [ RunTime:0.0002s ]
INFO: [ view_parse ] --START--
INFO: [ template_filter ] --START--
INFO: Run Behavior\ContentReplaceBehavior [ RunTime:0.000103s ]
INFO: [ template_filter ] --END-- [ RunTime:0.000139s ]
INFO: Run Behavior\ParseTemplateBehavior [ RunTime:0.009843s ]
INFO: [ view_parse ] --END-- [ RunTime:0.009880s ]
INFO: [ view_filter ] --START--
INFO: Run Behavior\WriteHtmlCacheBehavior [ RunTime:0.000359s ]
INFO: [ view_filter ] --END-- [ RunTime:0.000386s ]
INFO: [ app_end ] --START--
INFO: Run Behavior\ShowPageTraceBehavior [ RunTime:0.000755s ]
INFO: [ app_end ] --END-- [ RunTime:0.000809s ]

[ 2019-03-25T09:14:00+08:00 ] ::1 /shetuanguanli/index.php/Admin/Index/major_list.html
INFO: [ app_init ] --START--
INFO: Run Behavior\BuildLiteBehavior [ RunTime:0.000038s ]
INFO: [ app_init ] --END-- [ RunTime:0.000593s ]
INFO: [ app_begin ] --START--
INFO: Run Behavior\ReadHtmlCacheBehavior [ RunTime:0.000734s ]
INFO: [ app_begin ] --END-- [ RunTime:0.000815s ]
SQL: SHOW COLUMNS FROM `stgl_major` [ RunTime:0.0193s ]
NOTIC: [2] Missing argument 1 for Admin\Model\MajorModel::selMajor(), called in D:\phpStudy\PHPTutorial\WWW\shetuanguanli\Application\Admin\Controller\IndexController.class.php on line 86 and defined D:\phpStudy\PHPTutorial\WWW\shetuanguanli\Application\Admin\Model\MajorModel.class.php 第 28 行.
SQL: SHOW COLUMNS FROM `stgl_major` [ RunTime:0.0108s ]
NOTIC: [8] Undefined variable: data D:\phpStudy\PHPTutorial\WWW\shetuanguanli\Application\Admin\Model\MajorModel.class.php 第 31 行.
SQL: SELECT * FROM `stgl_major`  [ RunTime:0.0008s ]
NOTIC: [2] Missing argument 1 for Admin\Model\MajorModel::countMajor(), called in D:\phpStudy\PHPTutorial\WWW\shetuanguanli\Application\Admin\Controller\IndexController.class.php on line 87 and defined D:\phpStudy\PHPTutorial\WWW\shetuanguanli\Application\Admin\Model\MajorModel.class.php 第 40 行.
NOTIC: [8] Undefined variable: data D:\phpStudy\PHPTutorial\WWW\shetuanguanli\Application\Admin\Model\MajorModel.class.php 第 43 行.
SQL: SELECT COUNT(*) AS tp_count FROM `stgl_major` LIMIT 1   [ RunTime:0.0003s ]
INFO: [ view_parse ] --START--
INFO: [ template_filter ] --START--
INFO: Run Behavior\ContentReplaceBehavior [ RunTime:0.000094s ]
INFO: [ template_filter ] --END-- [ RunTime:0.000139s ]
INFO: Run Behavior\ParseTemplateBehavior [ RunTime:0.008828s ]
INFO: [ view_parse ] --END-- [ RunTime:0.008878s ]
INFO: [ view_filter ] --START--
INFO: Run Behavior\WriteHtmlCacheBehavior [ RunTime:0.000397s ]
INFO: [ view_filter ] --END-- [ RunTime:0.000422s ]
INFO: [ app_end ] --START--
INFO: Run Behavior\ShowPageTraceBehavior [ RunTime:0.000605s ]
INFO: [ app_end ] --END-- [ RunTime:0.000644s ]

[ 2019-03-25T09:14:03+08:00 ] ::1 /shetuanguanli/index.php/Admin/Index/updateMajorState.html
INFO: [ app_init ] --START--
INFO: Run Behavior\BuildLiteBehavior [ RunTime:0.000022s ]
INFO: [ app_init ] --END-- [ RunTime:0.000765s ]
INFO: [ app_begin ] --START--
INFO: Run Behavior\ReadHtmlCacheBehavior [ RunTime:0.000730s ]
INFO: [ app_begin ] --END-- [ RunTime:0.000855s ]
SQL: SHOW COLUMNS FROM `stgl_major` [ RunTime:0.0180s ]
SQL: SHOW COLUMNS FROM `stgl_major` [ RunTime:0.0284s ]
NOTIC: [8] Use of undefined constant id - assumed 'id' D:\phpStudy\PHPTutorial\WWW\shetuanguanli\Application\Admin\Model\MajorModel.class.php 第 55 行.
SQL: UPDATE `stgl_major` SET `state`='0' WHERE `Id` = 1 [ RunTime:0.0006s ]
INFO: [ app_end ] --START--
INFO: Run Behavior\ShowPageTraceBehavior [ RunTime:0.000983s ]
INFO: [ app_end ] --END-- [ RunTime:0.001043s ]

[ 2019-03-25T09:14:04+08:00 ] ::1 /shetuanguanli/index.php/Admin/Index/major_list.html
INFO: [ app_init ] --START--
INFO: Run Behavior\BuildLiteBehavior [ RunTime:0.000011s ]
INFO: [ app_init ] --END-- [ RunTime:0.000456s ]
INFO: [ app_begin ] --START--
INFO: Run Behavior\ReadHtmlCacheBehavior [ RunTime:0.000490s ]
INFO: [ app_begin ] --END-- [ RunTime:0.000529s ]
SQL: SHOW COLUMNS FROM `stgl_major` [ RunTime:0.0124s ]
NOTIC: [2] Missing argument 1 for Admin\Model\MajorModel::selMajor(), called in D:\phpStudy\PHPTutorial\WWW\shetuanguanli\Application\Admin\Controller\IndexController.class.php on line 86 and defined D:\phpStudy\PHPTutorial\WWW\shetuanguanli\Application\Admin\Model\MajorModel.class.php 第 28 行.
SQL: SHOW COLUMNS FROM `stgl_major` [ RunTime:0.0106s ]
NOTIC: [8] Undefined variable: data D:\phpStudy\PHPTutorial\WWW\shetuanguanli\Application\Admin\Model\MajorModel.class.php 第 31 行.
SQL: SELECT * FROM `stgl_major`  [ RunTime:0.0002s ]
NOTIC: [2] Missing argument 1 for Admin\Model\MajorModel::countMajor(), called in D:\phpStudy\PHPTutorial\WWW\shetuanguanli\Application\Admin\Controller\IndexController.class.php on line 87 and defined D:\phpStudy\PHPTutorial\WWW\shetuanguanli\Application\Admin\Model\MajorModel.class.php 第 40 行.
NOTIC: [8] Undefined variable: data D:\phpStudy\PHPTutorial\WWW\shetuanguanli\Application\Admin\Model\MajorModel.class.php 第 43 行.
SQL: SELECT COUNT(*) AS tp_count FROM `stgl_major` LIMIT 1   [ RunTime:0.0002s ]
INFO: [ view_parse ] --START--
INFO: [ template_filter ] --START--
INFO: Run Behavior\ContentReplaceBehavior [ RunTime:0.000128s ]
INFO: [ template_filter ] --END-- [ RunTime:0.000194s ]
INFO: Run Behavior\ParseTemplateBehavior [ RunTime:0.012550s ]
INFO: [ view_parse ] --END-- [ RunTime:0.012597s ]
INFO: [ view_filter ] --START--
INFO: Run Behavior\WriteHtmlCacheBehavior [ RunTime:0.000460s ]
INFO: [ view_filter ] --END-- [ RunTime:0.000500s ]
INFO: [ app_end ] --START--
INFO: Run Behavior\ShowPageTraceBehavior [ RunTime:0.000711s ]
INFO: [ app_end ] --END-- [ RunTime:0.000768s ]

[ 2019-03-25T09:14:05+08:00 ] ::1 /shetuanguanli/index.php/Admin/Index/major_list.html
INFO: [ app_init ] --START--
INFO: Run Behavior\BuildLiteBehavior [ RunTime:0.000014s ]
INFO: [ app_init ] --END-- [ RunTime:0.000508s ]
INFO: [ app_begin ] --START--
INFO: Run Behavior\ReadHtmlCacheBehavior [ RunTime:0.000600s ]
INFO: [ app_begin ] --END-- [ RunTime:0.000653s ]
SQL: SHOW COLUMNS FROM `stgl_major` [ RunTime:0.0082s ]
NOTIC: [2] Missing argument 1 for Admin\Model\MajorModel::selMajor(), called in D:\phpStudy\PHPTutorial\WWW\shetuanguanli\Application\Admin\Controller\IndexController.class.php on line 86 and defined D:\phpStudy\PHPTutorial\WWW\shetuanguanli\Application\Admin\Model\MajorModel.class.php 第 28 行.
SQL: SHOW COLUMNS FROM `stgl_major` [ RunTime:0.0132s ]
NOTIC: [8] Undefined variable: data D:\phpStudy\PHPTutorial\WWW\shetuanguanli\Application\Admin\Model\MajorModel.class.php 第 31 行.
SQL: SELECT * FROM `stgl_major`  [ RunTime:0.0005s ]
NOTIC: [2] Missing argument 1 for Admin\Model\MajorModel::countMajor(), called in D:\phpStudy\PHPTutorial\WWW\shetuanguanli\Application\Admin\Controller\IndexController.class.php on line 87 and defined D:\phpStudy\PHPTutorial\WWW\shetuanguanli\Application\Admin\Model\MajorModel.class.php 第 40 行.
NOTIC: [8] Undefined variable: data D:\phpStudy\PHPTutorial\WWW\shetuanguanli\Application\Admin\Model\MajorModel.class.php 第 43 行.
SQL: SELECT COUNT(*) AS tp_count FROM `stgl_major` LIMIT 1   [ RunTime:0.0002s ]
INFO: [ view_parse ] --START--
INFO: [ template_filter ] --START--
INFO: Run Behavior\ContentReplaceBehavior [ RunTime:0.000109s ]
INFO: [ template_filter ] --END-- [ RunTime:0.000151s ]
INFO: Run Behavior\ParseTemplateBehavior [ RunTime:0.014392s ]
INFO: [ view_parse ] --END-- [ RunTime:0.014449s ]
INFO: [ view_filter ] --START--
INFO: Run Behavior\WriteHtmlCacheBehavior [ RunTime:0.000481s ]
INFO: [ view_filter ] --END-- [ RunTime:0.000519s ]
INFO: [ app_end ] --START--
INFO: Run Behavior\ShowPageTraceBehavior [ RunTime:0.000751s ]
INFO: [ app_end ] --END-- [ RunTime:0.000812s ]

[ 2019-03-25T09:14:17+08:00 ] ::1 /shetuanguanli/index.php/Admin/Index/addMajor.html
INFO: [ app_init ] --START--
INFO: Run Behavior\BuildLiteBehavior [ RunTime:0.000012s ]
INFO: [ app_init ] --END-- [ RunTime:0.000504s ]
INFO: [ app_begin ] --START--
INFO: Run Behavior\ReadHtmlCacheBehavior [ RunTime:0.000856s ]
INFO: [ app_begin ] --END-- [ RunTime:0.000940s ]
SQL: SHOW COLUMNS FROM `stgl_major` [ RunTime:0.0097s ]
SQL: SHOW COLUMNS FROM `stgl_major` [ RunTime:0.0077s ]
SQL: INSERT INTO `stgl_major` (`major_name`,`state`) VALUES ('计算机科学与技术','0') [ RunTime:0.0004s ]
INFO: [ app_end ] --START--
INFO: Run Behavior\ShowPageTraceBehavior [ RunTime:0.000584s ]
INFO: [ app_end ] --END-- [ RunTime:0.000612s ]

[ 2019-03-25T09:14:19+08:00 ] ::1 /shetuanguanli/index.php/Admin/Index/major_list.html
INFO: [ app_init ] --START--
INFO: Run Behavior\BuildLiteBehavior [ RunTime:0.000011s ]
INFO: [ app_init ] --END-- [ RunTime:0.000510s ]
INFO: [ app_begin ] --START--
INFO: Run Behavior\ReadHtmlCacheBehavior [ RunTime:0.000523s ]
INFO: [ app_begin ] --END-- [ RunTime:0.000563s ]
SQL: SHOW COLUMNS FROM `stgl_major` [ RunTime:0.0084s ]
NOTIC: [2] Missing argument 1 for Admin\Model\MajorModel::selMajor(), called in D:\phpStudy\PHPTutorial\WWW\shetuanguanli\Application\Admin\Controller\IndexController.class.php on line 86 and defined D:\phpStudy\PHPTutorial\WWW\shetuanguanli\Application\Admin\Model\MajorModel.class.php 第 28 行.
SQL: SHOW COLUMNS FROM `stgl_major` [ RunTime:0.0083s ]
NOTIC: [8] Undefined variable: data D:\phpStudy\PHPTutorial\WWW\shetuanguanli\Application\Admin\Model\MajorModel.class.php 第 31 行.
SQL: SELECT * FROM `stgl_major`  [ RunTime:0.0005s ]
NOTIC: [2] Missing argument 1 for Admin\Model\MajorModel::countMajor(), called in D:\phpStudy\PHPTutorial\WWW\shetuanguanli\Application\Admin\Controller\IndexController.class.php on line 87 and defined D:\phpStudy\PHPTutorial\WWW\shetuanguanli\Application\Admin\Model\MajorModel.class.php 第 40 行.
NOTIC: [8] Undefined variable: data D:\phpStudy\PHPTutorial\WWW\shetuanguanli\Application\Admin\Model\MajorModel.class.php 第 43 行.
SQL: SELECT COUNT(*) AS tp_count FROM `stgl_major` LIMIT 1   [ RunTime:0.0002s ]
INFO: [ view_parse ] --START--
INFO: [ template_filter ] --START--
INFO: Run Behavior\ContentReplaceBehavior [ RunTime:0.000091s ]
INFO: [ template_filter ] --END-- [ RunTime:0.000122s ]
INFO: Run Behavior\ParseTemplateBehavior [ RunTime:0.007943s ]
INFO: [ view_parse ] --END-- [ RunTime:0.007981s ]
INFO: [ view_filter ] --START--
INFO: Run Behavior\WriteHtmlCacheBehavior [ RunTime:0.000355s ]
INFO: [ view_filter ] --END-- [ RunTime:0.000382s ]
INFO: [ app_end ] --START--
INFO: Run Behavior\ShowPageTraceBehavior [ RunTime:0.000680s ]
INFO: [ app_end ] --END-- [ RunTime:0.000720s ]

[ 2019-03-25T09:14:20+08:00 ] ::1 /shetuanguanli/index.php/Admin/Index/major_list.html
INFO: [ app_init ] --START--
INFO: Run Behavior\BuildLiteBehavior [ RunTime:0.000011s ]
INFO: [ app_init ] --END-- [ RunTime:0.000441s ]
INFO: [ app_begin ] --START--
INFO: Run Behavior\ReadHtmlCacheBehavior [ RunTime:0.000651s ]
INFO: [ app_begin ] --END-- [ RunTime:0.000700s ]
SQL: SHOW COLUMNS FROM `stgl_major` [ RunTime:0.0122s ]
NOTIC: [2] Missing argument 1 for Admin\Model\MajorModel::selMajor(), called in D:\phpStudy\PHPTutorial\WWW\shetuanguanli\Application\Admin\Controller\IndexController.class.php on line 86 and defined D:\phpStudy\PHPTutorial\WWW\shetuanguanli\Application\Admin\Model\MajorModel.class.php 第 28 行.
SQL: SHOW COLUMNS FROM `stgl_major` [ RunTime:0.0101s ]
NOTIC: [8] Undefined variable: data D:\phpStudy\PHPTutorial\WWW\shetuanguanli\Application\Admin\Model\MajorModel.class.php 第 31 行.
SQL: SELECT * FROM `stgl_major`  [ RunTime:0.0003s ]
NOTIC: [2] Missing argument 1 for Admin\Model\MajorModel::countMajor(), called in D:\phpStudy\PHPTutorial\WWW\shetuanguanli\Application\Admin\Controller\IndexController.class.php on line 87 and defined D:\phpStudy\PHPTutorial\WWW\shetuanguanli\Application\Admin\Model\MajorModel.class.php 第 40 行.
NOTIC: [8] Undefined variable: data D:\phpStudy\PHPTutorial\WWW\shetuanguanli\Application\Admin\Model\MajorModel.class.php 第 43 行.
SQL: SELECT COUNT(*) AS tp_count FROM `stgl_major` LIMIT 1   [ RunTime:0.0001s ]
INFO: [ view_parse ] --START--
INFO: [ template_filter ] --START--
INFO: Run Behavior\ContentReplaceBehavior [ RunTime:0.000115s ]
INFO: [ template_filter ] --END-- [ RunTime:0.000166s ]
INFO: Run Behavior\ParseTemplateBehavior [ RunTime:0.012466s ]
INFO: [ view_parse ] --END-- [ RunTime:0.012518s ]
INFO: [ view_filter ] --START--
INFO: Run Behavior\WriteHtmlCacheBehavior [ RunTime:0.000467s ]
INFO: [ view_filter ] --END-- [ RunTime:0.000509s ]
INFO: [ app_end ] --START--
INFO: Run Behavior\ShowPageTraceBehavior [ RunTime:0.000734s ]
INFO: [ app_end ] --END-- [ RunTime:0.000785s ]

[ 2019-03-25T09:14:23+08:00 ] ::1 /shetuanguanli/index.php/Admin/Index/updateMajorState.html
INFO: [ app_init ] --START--
INFO: Run Behavior\BuildLiteBehavior [ RunTime:0.000017s ]
INFO: [ app_init ] --END-- [ RunTime:0.000777s ]
INFO: [ app_begin ] --START--
INFO: Run Behavior\ReadHtmlCacheBehavior [ RunTime:0.000637s ]
INFO: [ app_begin ] --END-- [ RunTime:0.000682s ]
SQL: SHOW COLUMNS FROM `stgl_major` [ RunTime:0.0182s ]
SQL: SHOW COLUMNS FROM `stgl_major` [ RunTime:0.0117s ]
NOTIC: [8] Use of undefined constant id - assumed 'id' D:\phpStudy\PHPTutorial\WWW\shetuanguanli\Application\Admin\Model\MajorModel.class.php 第 55 行.
SQL: UPDATE `stgl_major` SET `state`='1' WHERE `Id` = 3 [ RunTime:0.0004s ]
INFO: [ app_end ] --START--
INFO: Run Behavior\ShowPageTraceBehavior [ RunTime:0.000664s ]
INFO: [ app_end ] --END-- [ RunTime:0.000702s ]

[ 2019-03-25T09:14:24+08:00 ] ::1 /shetuanguanli/index.php/Admin/Index/major_list.html
INFO: [ app_init ] --START--
INFO: Run Behavior\BuildLiteBehavior [ RunTime:0.000010s ]
INFO: [ app_init ] --END-- [ RunTime:0.000412s ]
INFO: [ app_begin ] --START--
INFO: Run Behavior\ReadHtmlCacheBehavior [ RunTime:0.000468s ]
INFO: [ app_begin ] --END-- [ RunTime:0.000506s ]
SQL: SHOW COLUMNS FROM `stgl_major` [ RunTime:0.0088s ]
NOTIC: [2] Missing argument 1 for Admin\Model\MajorModel::selMajor(), called in D:\phpStudy\PHPTutorial\WWW\shetuanguanli\Application\Admin\Controller\IndexController.class.php on line 86 and defined D:\phpStudy\PHPTutorial\WWW\shetuanguanli\Application\Admin\Model\MajorModel.class.php 第 28 行.
SQL: SHOW COLUMNS FROM `stgl_major` [ RunTime:0.0115s ]
NOTIC: [8] Undefined variable: data D:\phpStudy\PHPTutorial\WWW\shetuanguanli\Application\Admin\Model\MajorModel.class.php 第 31 行.
SQL: SELECT * FROM `stgl_major`  [ RunTime:0.0002s ]
NOTIC: [2] Missing argument 1 for Admin\Model\MajorModel::countMajor(), called in D:\phpStudy\PHPTutorial\WWW\shetuanguanli\Application\Admin\Controller\IndexController.class.php on line 87 and defined D:\phpStudy\PHPTutorial\WWW\shetuanguanli\Application\Admin\Model\MajorModel.class.php 第 40 行.
NOTIC: [8] Undefined variable: data D:\phpStudy\PHPTutorial\WWW\shetuanguanli\Application\Admin\Model\MajorModel.class.php 第 43 行.
SQL: SELECT COUNT(*) AS tp_count FROM `stgl_major` LIMIT 1   [ RunTime:0.0001s ]
INFO: [ view_parse ] --START--
INFO: [ template_filter ] --START--
INFO: Run Behavior\ContentReplaceBehavior [ RunTime:0.000093s ]
INFO: [ template_filter ] --END-- [ RunTime:0.000130s ]
INFO: Run Behavior\ParseTemplateBehavior [ RunTime:0.011283s ]
INFO: [ view_parse ] --END-- [ RunTime:0.011318s ]
INFO: [ view_filter ] --START--
INFO: Run Behavior\WriteHtmlCacheBehavior [ RunTime:0.000402s ]
INFO: [ view_filter ] --END-- [ RunTime:0.000447s ]
INFO: [ app_end ] --START--
INFO: Run Behavior\ShowPageTraceBehavior [ RunTime:0.000769s ]
INFO: [ app_end ] --END-- [ RunTime:0.000831s ]

[ 2019-03-25T09:14:26+08:00 ] ::1 /shetuanguanli/index.php/Admin/Index/updateMajorState.html
INFO: [ app_init ] --START--
INFO: Run Behavior\BuildLiteBehavior [ RunTime:0.000015s ]
INFO: [ app_init ] --END-- [ RunTime:0.000516s ]
INFO: [ app_begin ] --START--
INFO: Run Behavior\ReadHtmlCacheBehavior [ RunTime:0.001020s ]
INFO: [ app_begin ] --END-- [ RunTime:0.001099s ]
SQL: SHOW COLUMNS FROM `stgl_major` [ RunTime:0.0118s ]
SQL: SHOW COLUMNS FROM `stgl_major` [ RunTime:0.0116s ]
NOTIC: [8] Use of undefined constant id - assumed 'id' D:\phpStudy\PHPTutorial\WWW\shetuanguanli\Application\Admin\Model\MajorModel.class.php 第 55 行.
SQL: UPDATE `stgl_major` SET `state`='0' WHERE `Id` = 3 [ RunTime:0.0007s ]
INFO: [ app_end ] --START--
INFO: Run Behavior\ShowPageTraceBehavior [ RunTime:0.000865s ]
INFO: [ app_end ] --END-- [ RunTime:0.000919s ]

[ 2019-03-25T09:18:49+08:00 ] ::1 /shetuanguanli/index.php/Admin/Index/addMajor.html
INFO: [ app_init ] --START--
INFO: Run Behavior\BuildLiteBehavior [ RunTime:0.000010s ]
INFO: [ app_init ] --END-- [ RunTime:0.000449s ]
INFO: [ app_begin ] --START--
INFO: Run Behavior\ReadHtmlCacheBehavior [ RunTime:0.000508s ]
INFO: [ app_begin ] --END-- [ RunTime:0.000540s ]
SQL: SHOW COLUMNS FROM `stgl_major` [ RunTime:0.0101s ]
SQL: SHOW COLUMNS FROM `stgl_major` [ RunTime:0.0101s ]
SQL: INSERT INTO `stgl_major` (`major_name`,`state`) VALUES ('qqqq','0') [ RunTime:0.0003s ]
INFO: [ app_end ] --START--
INFO: Run Behavior\ShowPageTraceBehavior [ RunTime:0.000625s ]
INFO: [ app_end ] --END-- [ RunTime:0.000654s ]

[ 2019-03-25T09:18:50+08:00 ] ::1 /shetuanguanli/index.php/Admin/Index/major_list.html
INFO: [ app_init ] --START--
INFO: Run Behavior\BuildLiteBehavior [ RunTime:0.000012s ]
INFO: [ app_init ] --END-- [ RunTime:0.000527s ]
INFO: [ app_begin ] --START--
INFO: Run Behavior\ReadHtmlCacheBehavior [ RunTime:0.000576s ]
INFO: [ app_begin ] --END-- [ RunTime:0.000618s ]
SQL: SHOW COLUMNS FROM `stgl_major` [ RunTime:0.0238s ]
NOTIC: [2] Missing argument 1 for Admin\Model\MajorModel::selMajor(), called in D:\phpStudy\PHPTutorial\WWW\shetuanguanli\Application\Admin\Controller\IndexController.class.php on line 86 and defined D:\phpStudy\PHPTutorial\WWW\shetuanguanli\Application\Admin\Model\MajorModel.class.php 第 28 行.
SQL: SHOW COLUMNS FROM `stgl_major` [ RunTime:0.0126s ]
NOTIC: [8] Undefined variable: data D:\phpStudy\PHPTutorial\WWW\shetuanguanli\Application\Admin\Model\MajorModel.class.php 第 31 行.
SQL: SELECT * FROM `stgl_major`  [ RunTime:0.0003s ]
NOTIC: [2] Missing argument 1 for Admin\Model\MajorModel::countMajor(), called in D:\phpStudy\PHPTutorial\WWW\shetuanguanli\Application\Admin\Controller\IndexController.class.php on line 87 and defined D:\phpStudy\PHPTutorial\WWW\shetuanguanli\Application\Admin\Model\MajorModel.class.php 第 40 行.
NOTIC: [8] Undefined variable: data D:\phpStudy\PHPTutorial\WWW\shetuanguanli\Application\Admin\Model\MajorModel.class.php 第 43 行.
SQL: SELECT COUNT(*) AS tp_count FROM `stgl_major` LIMIT 1   [ RunTime:0.0002s ]
INFO: [ view_parse ] --START--
INFO: [ template_filter ] --START--
INFO: Run Behavior\ContentReplaceBehavior [ RunTime:0.000142s ]
INFO: [ template_filter ] --END-- [ RunTime:0.000204s ]
INFO: Run Behavior\ParseTemplateBehavior [ RunTime:0.015910s ]
INFO: [ view_parse ] --END-- [ RunTime:0.015949s ]
INFO: [ view_filter ] --START--
INFO: Run Behavior\WriteHtmlCacheBehavior [ RunTime:0.000405s ]
INFO: [ view_filter ] --END-- [ RunTime:0.000432s ]
INFO: [ app_end ] --START--
INFO: Run Behavior\ShowPageTraceBehavior [ RunTime:0.000629s ]
INFO: [ app_end ] --END-- [ RunTime:0.000668s ]

[ 2019-03-25T09:19:00+08:00 ] ::1 /shetuanguanli/index.php/Admin/Index/exitMajor.html
INFO: [ app_init ] --START--
INFO: Run Behavior\BuildLiteBehavior [ RunTime:0.000023s ]
INFO: [ app_init ] --END-- [ RunTime:0.000942s ]
INFO: [ app_begin ] --START--
INFO: Run Behavior\ReadHtmlCacheBehavior [ RunTime:0.000833s ]
INFO: [ app_begin ] --END-- [ RunTime:0.000900s ]
SQL: SHOW COLUMNS FROM `stgl_major` [ RunTime:0.0261s ]
SQL: SHOW COLUMNS FROM `stgl_major` [ RunTime:0.0238s ]
NOTIC: [8] Use of undefined constant id - assumed 'id' D:\phpStudy\PHPTutorial\WWW\shetuanguanli\Application\Admin\Model\MajorModel.class.php 第 55 行.
SQL: UPDATE `stgl_major` SET `major_name`='软件技术',`state`='0' WHERE `Id` = 4 [ RunTime:0.0004s ]
INFO: [ app_end ] --START--
INFO: Run Behavior\ShowPageTraceBehavior [ RunTime:0.000856s ]
INFO: [ app_end ] --END-- [ RunTime:0.000907s ]

[ 2019-03-25T09:19:01+08:00 ] ::1 /shetuanguanli/index.php/Admin/Index/major_list.html
INFO: [ app_init ] --START--
INFO: Run Behavior\BuildLiteBehavior [ RunTime:0.000011s ]
INFO: [ app_init ] --END-- [ RunTime:0.000466s ]
INFO: [ app_begin ] --START--
INFO: Run Behavior\ReadHtmlCacheBehavior [ RunTime:0.000449s ]
INFO: [ app_begin ] --END-- [ RunTime:0.000481s ]
SQL: SHOW COLUMNS FROM `stgl_major` [ RunTime:0.0144s ]
NOTIC: [2] Missing argument 1 for Admin\Model\MajorModel::selMajor(), called in D:\phpStudy\PHPTutorial\WWW\shetuanguanli\Application\Admin\Controller\IndexController.class.php on line 86 and defined D:\phpStudy\PHPTutorial\WWW\shetuanguanli\Application\Admin\Model\MajorModel.class.php 第 28 行.
SQL: SHOW COLUMNS FROM `stgl_major` [ RunTime:0.0110s ]
NOTIC: [8] Undefined variable: data D:\phpStudy\PHPTutorial\WWW\shetuanguanli\Application\Admin\Model\MajorModel.class.php 第 31 行.
SQL: SELECT * FROM `stgl_major`  [ RunTime:0.0003s ]
NOTIC: [2] Missing argument 1 for Admin\Model\MajorModel::countMajor(), called in D:\phpStudy\PHPTutorial\WWW\shetuanguanli\Application\Admin\Controller\IndexController.class.php on line 87 and defined D:\phpStudy\PHPTutorial\WWW\shetuanguanli\Application\Admin\Model\MajorModel.class.php 第 40 行.
NOTIC: [8] Undefined variable: data D:\phpStudy\PHPTutorial\WWW\shetuanguanli\Application\Admin\Model\MajorModel.class.php 第 43 行.
SQL: SELECT COUNT(*) AS tp_count FROM `stgl_major` LIMIT 1   [ RunTime:0.0002s ]
INFO: [ view_parse ] --START--
INFO: [ template_filter ] --START--
INFO: Run Behavior\ContentReplaceBehavior [ RunTime:0.000084s ]
INFO: [ template_filter ] --END-- [ RunTime:0.000119s ]
INFO: Run Behavior\ParseTemplateBehavior [ RunTime:0.009351s ]
INFO: [ view_parse ] --END-- [ RunTime:0.009389s ]
INFO: [ view_filter ] --START--
INFO: Run Behavior\WriteHtmlCacheBehavior [ RunTime:0.000422s ]
INFO: [ view_filter ] --END-- [ RunTime:0.000449s ]
INFO: [ app_end ] --START--
INFO: Run Behavior\ShowPageTraceBehavior [ RunTime:0.000811s ]
INFO: [ app_end ] --END-- [ RunTime:0.000879s ]

[ 2019-03-25T09:19:03+08:00 ] ::1 /shetuanguanli/index.php/Admin/Index/major_list.html
INFO: [ app_init ] --START--
INFO: Run Behavior\BuildLiteBehavior [ RunTime:0.000016s ]
INFO: [ app_init ] --END-- [ RunTime:0.000457s ]
INFO: [ app_begin ] --START--
INFO: Run Behavior\ReadHtmlCacheBehavior [ RunTime:0.001030s ]
INFO: [ app_begin ] --END-- [ RunTime:0.001131s ]
SQL: SHOW COLUMNS FROM `stgl_major` [ RunTime:0.0152s ]
NOTIC: [2] Missing argument 1 for Admin\Model\MajorModel::selMajor(), called in D:\phpStudy\PHPTutorial\WWW\shetuanguanli\Application\Admin\Controller\IndexController.class.php on line 86 and defined D:\phpStudy\PHPTutorial\WWW\shetuanguanli\Application\Admin\Model\MajorModel.class.php 第 28 行.
SQL: SHOW COLUMNS FROM `stgl_major` [ RunTime:0.0145s ]
NOTIC: [8] Undefined variable: data D:\phpStudy\PHPTutorial\WWW\shetuanguanli\Application\Admin\Model\MajorModel.class.php 第 31 行.
SQL: SELECT * FROM `stgl_major`  [ RunTime:0.0003s ]
NOTIC: [2] Missing argument 1 for Admin\Model\MajorModel::countMajor(), called in D:\phpStudy\PHPTutorial\WWW\shetuanguanli\Application\Admin\Controller\IndexController.class.php on line 87 and defined D:\phpStudy\PHPTutorial\WWW\shetuanguanli\Application\Admin\Model\MajorModel.class.php 第 40 行.
NOTIC: [8] Undefined variable: data D:\phpStudy\PHPTutorial\WWW\shetuanguanli\Application\Admin\Model\MajorModel.class.php 第 43 行.
SQL: SELECT COUNT(*) AS tp_count FROM `stgl_major` LIMIT 1   [ RunTime:0.0002s ]
INFO: [ view_parse ] --START--
INFO: [ template_filter ] --START--
INFO: Run Behavior\ContentReplaceBehavior [ RunTime:0.000088s ]
INFO: [ template_filter ] --END-- [ RunTime:0.000123s ]
INFO: Run Behavior\ParseTemplateBehavior [ RunTime:0.011498s ]
INFO: [ view_parse ] --END-- [ RunTime:0.011559s ]
INFO: [ view_filter ] --START--
INFO: Run Behavior\WriteHtmlCacheBehavior [ RunTime:0.000467s ]
INFO: [ view_filter ] --END-- [ RunTime:0.000522s ]
INFO: [ app_end ] --START--
INFO: Run Behavior\ShowPageTraceBehavior [ RunTime:0.000780s ]
INFO: [ app_end ] --END-- [ RunTime:0.000851s ]

[ 2019-03-25T09:21:01+08:00 ] ::1 /shetuanguanli/index.php/Admin/Index/major_list.html
INFO: [ app_init ] --START--
INFO: Run Behavior\BuildLiteBehavior [ RunTime:0.000011s ]
INFO: [ app_init ] --END-- [ RunTime:0.000405s ]
INFO: [ app_begin ] --START--
INFO: Run Behavior\ReadHtmlCacheBehavior [ RunTime:0.000893s ]
INFO: [ app_begin ] --END-- [ RunTime:0.000959s ]
SQL: SHOW COLUMNS FROM `stgl_major` [ RunTime:0.0135s ]
NOTIC: [2] Missing argument 1 for Admin\Model\MajorModel::selMajor(), called in D:\phpStudy\PHPTutorial\WWW\shetuanguanli\Application\Admin\Controller\IndexController.class.php on line 86 and defined D:\phpStudy\PHPTutorial\WWW\shetuanguanli\Application\Admin\Model\MajorModel.class.php 第 28 行.
SQL: SHOW COLUMNS FROM `stgl_major` [ RunTime:0.0122s ]
NOTIC: [8] Undefined variable: data D:\phpStudy\PHPTutorial\WWW\shetuanguanli\Application\Admin\Model\MajorModel.class.php 第 31 行.
SQL: SELECT * FROM `stgl_major`  [ RunTime:0.0002s ]
NOTIC: [2] Missing argument 1 for Admin\Model\MajorModel::countMajor(), called in D:\phpStudy\PHPTutorial\WWW\shetuanguanli\Application\Admin\Controller\IndexController.class.php on line 87 and defined D:\phpStudy\PHPTutorial\WWW\shetuanguanli\Application\Admin\Model\MajorModel.class.php 第 40 行.
NOTIC: [8] Undefined variable: data D:\phpStudy\PHPTutorial\WWW\shetuanguanli\Application\Admin\Model\MajorModel.class.php 第 43 行.
SQL: SELECT COUNT(*) AS tp_count FROM `stgl_major` LIMIT 1   [ RunTime:0.0001s ]
INFO: [ view_parse ] --START--
INFO: [ template_filter ] --START--
INFO: Run Behavior\ContentReplaceBehavior [ RunTime:0.000142s ]
INFO: [ template_filter ] --END-- [ RunTime:0.000194s ]
INFO: Run Behavior\ParseTemplateBehavior [ RunTime:0.014656s ]
INFO: [ view_parse ] --END-- [ RunTime:0.014693s ]
INFO: [ view_filter ] --START--
INFO: Run Behavior\WriteHtmlCacheBehavior [ RunTime:0.000423s ]
INFO: [ view_filter ] --END-- [ RunTime:0.000460s ]
INFO: [ app_end ] --START--
INFO: Run Behavior\ShowPageTraceBehavior [ RunTime:0.000797s ]
INFO: [ app_end ] --END-- [ RunTime:0.000854s ]

[ 2019-03-25T09:21:28+08:00 ] ::1 /shetuanguanli/index.php/Admin/Index/major_list.html
INFO: [ app_init ] --START--
INFO: Run Behavior\BuildLiteBehavior [ RunTime:0.000019s ]
INFO: [ app_init ] --END-- [ RunTime:0.000595s ]
INFO: [ app_begin ] --START--
INFO: Run Behavior\ReadHtmlCacheBehavior [ RunTime:0.000779s ]
INFO: [ app_begin ] --END-- [ RunTime:0.000851s ]
SQL: SHOW COLUMNS FROM `stgl_major` [ RunTime:0.0476s ]
NOTIC: [2] Missing argument 1 for Admin\Model\MajorModel::selMajor(), called in D:\phpStudy\PHPTutorial\WWW\shetuanguanli\Application\Admin\Controller\IndexController.class.php on line 86 and defined D:\phpStudy\PHPTutorial\WWW\shetuanguanli\Application\Admin\Model\MajorModel.class.php 第 28 行.
SQL: SHOW COLUMNS FROM `stgl_major` [ RunTime:0.0589s ]
NOTIC: [8] Undefined variable: data D:\phpStudy\PHPTutorial\WWW\shetuanguanli\Application\Admin\Model\MajorModel.class.php 第 31 行.
SQL: SELECT * FROM `stgl_major`  [ RunTime:0.0004s ]
NOTIC: [2] Missing argument 1 for Admin\Model\MajorModel::countMajor(), called in D:\phpStudy\PHPTutorial\WWW\shetuanguanli\Application\Admin\Controller\IndexController.class.php on line 87 and defined D:\phpStudy\PHPTutorial\WWW\shetuanguanli\Application\Admin\Model\MajorModel.class.php 第 40 行.
NOTIC: [8] Undefined variable: data D:\phpStudy\PHPTutorial\WWW\shetuanguanli\Application\Admin\Model\MajorModel.class.php 第 43 行.
SQL: SELECT COUNT(*) AS tp_count FROM `stgl_major` LIMIT 1   [ RunTime:0.0002s ]
INFO: [ view_parse ] --START--
INFO: [ template_filter ] --START--
INFO: Run Behavior\ContentReplaceBehavior [ RunTime:0.000128s ]
INFO: [ template_filter ] --END-- [ RunTime:0.000188s ]
INFO: Run Behavior\ParseTemplateBehavior [ RunTime:0.017757s ]
INFO: [ view_parse ] --END-- [ RunTime:0.017845s ]
INFO: [ view_filter ] --START--
INFO: Run Behavior\WriteHtmlCacheBehavior [ RunTime:0.001142s ]
INFO: [ view_filter ] --END-- [ RunTime:0.001203s ]
INFO: [ app_end ] --START--
INFO: Run Behavior\ShowPageTraceBehavior [ RunTime:0.001242s ]
INFO: [ app_end ] --END-- [ RunTime:0.001313s ]

[ 2019-03-25T09:21:29+08:00 ] ::1 /shetuanguanli/index.php/Admin/Index/delMajor.html
INFO: [ app_init ] --START--
INFO: Run Behavior\BuildLiteBehavior [ RunTime:0.000020s ]
INFO: [ app_init ] --END-- [ RunTime:0.000729s ]
INFO: [ app_begin ] --START--
INFO: Run Behavior\ReadHtmlCacheBehavior [ RunTime:0.001074s ]
INFO: [ app_begin ] --END-- [ RunTime:0.001215s ]
SQL: SHOW COLUMNS FROM `stgl_major` [ RunTime:0.0233s ]
SQL: SHOW COLUMNS FROM `stgl_major` [ RunTime:0.0214s ]
SQL: DELETE FROM `stgl_major` WHERE `Id` = 4 [ RunTime:0.0005s ]
INFO: [ app_end ] --START--
INFO: Run Behavior\ShowPageTraceBehavior [ RunTime:0.000991s ]
INFO: [ app_end ] --END-- [ RunTime:0.001063s ]

[ 2019-03-25T09:21:32+08:00 ] ::1 /shetuanguanli/index.php/Admin/Index/major_list.html
INFO: [ app_init ] --START--
INFO: Run Behavior\BuildLiteBehavior [ RunTime:0.000014s ]
INFO: [ app_init ] --END-- [ RunTime:0.000510s ]
INFO: [ app_begin ] --START--
INFO: Run Behavior\ReadHtmlCacheBehavior [ RunTime:0.000651s ]
INFO: [ app_begin ] --END-- [ RunTime:0.000718s ]
SQL: SHOW COLUMNS FROM `stgl_major` [ RunTime:0.0255s ]
NOTIC: [2] Missing argument 1 for Admin\Model\MajorModel::selMajor(), called in D:\phpStudy\PHPTutorial\WWW\shetuanguanli\Application\Admin\Controller\IndexController.class.php on line 86 and defined D:\phpStudy\PHPTutorial\WWW\shetuanguanli\Application\Admin\Model\MajorModel.class.php 第 28 行.
SQL: SHOW COLUMNS FROM `stgl_major` [ RunTime:0.0133s ]
NOTIC: [8] Undefined variable: data D:\phpStudy\PHPTutorial\WWW\shetuanguanli\Application\Admin\Model\MajorModel.class.php 第 31 行.
SQL: SELECT * FROM `stgl_major`  [ RunTime:0.0002s ]
NOTIC: [2] Missing argument 1 for Admin\Model\MajorModel::countMajor(), called in D:\phpStudy\PHPTutorial\WWW\shetuanguanli\Application\Admin\Controller\IndexController.class.php on line 87 and defined D:\phpStudy\PHPTutorial\WWW\shetuanguanli\Application\Admin\Model\MajorModel.class.php 第 40 行.
NOTIC: [8] Undefined variable: data D:\phpStudy\PHPTutorial\WWW\shetuanguanli\Application\Admin\Model\MajorModel.class.php 第 43 行.
SQL: SELECT COUNT(*) AS tp_count FROM `stgl_major` LIMIT 1   [ RunTime:0.0002s ]
INFO: [ view_parse ] --START--
INFO: [ template_filter ] --START--
INFO: Run Behavior\ContentReplaceBehavior [ RunTime:0.000147s ]
INFO: [ template_filter ] --END-- [ RunTime:0.000204s ]
INFO: Run Behavior\ParseTemplateBehavior [ RunTime:0.010272s ]
INFO: [ view_parse ] --END-- [ RunTime:0.010318s ]
INFO: [ view_filter ] --START--
INFO: Run Behavior\WriteHtmlCacheBehavior [ RunTime:0.000605s ]
INFO: [ view_filter ] --END-- [ RunTime:0.000645s ]
INFO: [ app_end ] --START--
INFO: Run Behavior\ShowPageTraceBehavior [ RunTime:0.001963s ]
INFO: [ app_end ] --END-- [ RunTime:0.002048s ]

[ 2019-03-25T09:21:34+08:00 ] ::1 /shetuanguanli/index.php/Admin/Index/major_list.html
INFO: [ app_init ] --START--
INFO: Run Behavior\BuildLiteBehavior [ RunTime:0.000011s ]
INFO: [ app_init ] --END-- [ RunTime:0.000491s ]
INFO: [ app_begin ] --START--
INFO: Run Behavior\ReadHtmlCacheBehavior [ RunTime:0.000690s ]
INFO: [ app_begin ] --END-- [ RunTime:0.000733s ]
SQL: SHOW COLUMNS FROM `stgl_major` [ RunTime:0.0157s ]
NOTIC: [2] Missing argument 1 for Admin\Model\MajorModel::selMajor(), called in D:\phpStudy\PHPTutorial\WWW\shetuanguanli\Application\Admin\Controller\IndexController.class.php on line 86 and defined D:\phpStudy\PHPTutorial\WWW\shetuanguanli\Application\Admin\Model\MajorModel.class.php 第 28 行.
SQL: SHOW COLUMNS FROM `stgl_major` [ RunTime:0.0147s ]
NOTIC: [8] Undefined variable: data D:\phpStudy\PHPTutorial\WWW\shetuanguanli\Application\Admin\Model\MajorModel.class.php 第 31 行.
SQL: SELECT * FROM `stgl_major`  [ RunTime:0.0003s ]
NOTIC: [2] Missing argument 1 for Admin\Model\MajorModel::countMajor(), called in D:\phpStudy\PHPTutorial\WWW\shetuanguanli\Application\Admin\Controller\IndexController.class.php on line 87 and defined D:\phpStudy\PHPTutorial\WWW\shetuanguanli\Application\Admin\Model\MajorModel.class.php 第 40 行.
NOTIC: [8] Undefined variable: data D:\phpStudy\PHPTutorial\WWW\shetuanguanli\Application\Admin\Model\MajorModel.class.php 第 43 行.
SQL: SELECT COUNT(*) AS tp_count FROM `stgl_major` LIMIT 1   [ RunTime:0.0001s ]
INFO: [ view_parse ] --START--
INFO: [ template_filter ] --START--
INFO: Run Behavior\ContentReplaceBehavior [ RunTime:0.000142s ]
INFO: [ template_filter ] --END-- [ RunTime:0.000195s ]
INFO: Run Behavior\ParseTemplateBehavior [ RunTime:0.011007s ]
INFO: [ view_parse ] --END-- [ RunTime:0.011044s ]
INFO: [ view_filter ] --START--
INFO: Run Behavior\WriteHtmlCacheBehavior [ RunTime:0.000325s ]
INFO: [ view_filter ] --END-- [ RunTime:0.000349s ]
INFO: [ app_end ] --START--
INFO: Run Behavior\ShowPageTraceBehavior [ RunTime:0.000571s ]
INFO: [ app_end ] --END-- [ RunTime:0.000611s ]

[ 2019-03-25T09:21:35+08:00 ] ::1 /shetuanguanli/index.php/Admin/Index/css/style.css
INFO: [ app_init ] --START--
INFO: Run Behavior\BuildLiteBehavior [ RunTime:0.000011s ]
INFO: [ app_init ] --END-- [ RunTime:0.000493s ]
INFO: [ app_begin ] --START--
INFO: Run Behavior\ReadHtmlCacheBehavior [ RunTime:0.000747s ]
INFO: [ app_begin ] --END-- [ RunTime:0.000806s ]
ERR: 非法操作:css

[ 2019-03-25T09:21:36+08:00 ] ::1 /shetuanguanli/index.php/Admin/Index/js/jquery.nicescroll.js
INFO: [ app_init ] --START--
INFO: Run Behavior\BuildLiteBehavior [ RunTime:0.000017s ]
INFO: [ app_init ] --END-- [ RunTime:0.000856s ]
INFO: [ app_begin ] --START--
INFO: Run Behavior\ReadHtmlCacheBehavior [ RunTime:0.000685s ]
INFO: [ app_begin ] --END-- [ RunTime:0.000737s ]
ERR: 非法操作:js

[ 2019-03-25T09:21:37+08:00 ] ::1 /shetuanguanli/index.php/Admin/Index/index.html
INFO: [ app_init ] --START--
INFO: Run Behavior\BuildLiteBehavior [ RunTime:0.000019s ]
INFO: [ app_init ] --END-- [ RunTime:0.000775s ]
INFO: [ app_begin ] --START--
INFO: Run Behavior\ReadHtmlCacheBehavior [ RunTime:0.000843s ]
INFO: [ app_begin ] --END-- [ RunTime:0.000908s ]
INFO: [ view_parse ] --START--
INFO: [ template_filter ] --START--
INFO: Run Behavior\ContentReplaceBehavior [ RunTime:0.000241s ]
INFO: [ template_filter ] --END-- [ RunTime:0.000330s ]
INFO: Run Behavior\ParseTemplateBehavior [ RunTime:0.018111s ]
INFO: [ view_parse ] --END-- [ RunTime:0.018158s ]
INFO: [ view_filter ] --START--
INFO: Run Behavior\WriteHtmlCacheBehavior [ RunTime:0.000428s ]
INFO: [ view_filter ] --END-- [ RunTime:0.000454s ]
INFO: [ app_end ] --START--
INFO: Run Behavior\ShowPageTraceBehavior [ RunTime:0.000727s ]
INFO: [ app_end ] --END-- [ RunTime:0.000790s ]

[ 2019-03-25T09:21:37+08:00 ] ::1 /shetuanguanli/index.php/Admin/Index/css/style.css
INFO: [ app_init ] --START--
INFO: Run Behavior\BuildLiteBehavior [ RunTime:0.000015s ]
INFO: [ app_init ] --END-- [ RunTime:0.000465s ]
INFO: [ app_begin ] --START--
INFO: Run Behavior\ReadHtmlCacheBehavior [ RunTime:0.000552s ]
INFO: [ app_begin ] --END-- [ RunTime:0.000596s ]
ERR: 非法操作:css

[ 2019-03-25T09:21:38+08:00 ] ::1 /shetuanguanli/index.php/Admin/Index/js/jquery.nicescroll.js
INFO: [ app_init ] --START--
INFO: Run Behavior\BuildLiteBehavior [ RunTime:0.000023s ]
INFO: [ app_init ] --END-- [ RunTime:0.000982s ]
INFO: [ app_begin ] --START--
INFO: Run Behavior\ReadHtmlCacheBehavior [ RunTime:0.001116s ]
INFO: [ app_begin ] --END-- [ RunTime:0.001203s ]
ERR: 非法操作:js

[ 2019-03-25T09:21:38+08:00 ] ::1 /shetuanguanli/index.php/Admin/Index/home.html
INFO: [ app_init ] --START--
INFO: Run Behavior\BuildLiteBehavior [ RunTime:0.000014s ]
INFO: [ app_init ] --END-- [ RunTime:0.000487s ]
INFO: [ app_begin ] --START--
INFO: Run Behavior\ReadHtmlCacheBehavior [ RunTime:0.000523s ]
INFO: [ app_begin ] --END-- [ RunTime:0.000567s ]
ERR: 非法操作:home

[ 2019-03-25T09:21:52+08:00 ] ::1 /shetuanguanli/index.php/Admin/Index/home.html
INFO: [ app_init ] --START--
INFO: Run Behavior\BuildLiteBehavior [ RunTime:0.000011s ]
INFO: [ app_init ] --END-- [ RunTime:0.000415s ]
INFO: [ app_begin ] --START--
INFO: Run Behavior\ReadHtmlCacheBehavior [ RunTime:0.000491s ]
INFO: [ app_begin ] --END-- [ RunTime:0.000523s ]
ERR: 非法操作:home

[ 2019-03-25T09:21:53+08:00 ] ::1 /shetuanguanli/index.php/Admin/Index/department_list.html
INFO: [ app_init ] --START--
INFO: Run Behavior\BuildLiteBehavior [ RunTime:0.000010s ]
INFO: [ app_init ] --END-- [ RunTime:0.000396s ]
INFO: [ app_begin ] --START--
INFO: Run Behavior\ReadHtmlCacheBehavior [ RunTime:0.000537s ]
INFO: [ app_begin ] --END-- [ RunTime:0.000579s ]
SQL: SHOW COLUMNS FROM `stgl_department` [ RunTime:0.1928s ]
SQL: SHOW COLUMNS FROM `stgl_department` [ RunTime:0.0257s ]
SQL: SELECT * FROM `stgl_department`  [ RunTime:0.0004s ]
SQL: SELECT COUNT(*) AS tp_count FROM `stgl_department` LIMIT 1   [ RunTime:0.0002s ]
INFO: [ view_parse ] --START--
INFO: [ template_filter ] --START--
INFO: Run Behavior\ContentReplaceBehavior [ RunTime:0.000122s ]
INFO: [ template_filter ] --END-- [ RunTime:0.000163s ]
INFO: Run Behavior\ParseTemplateBehavior [ RunTime:0.026453s ]
INFO: [ view_parse ] --END-- [ RunTime:0.026502s ]
INFO: [ view_filter ] --START--
INFO: Run Behavior\WriteHtmlCacheBehavior [ RunTime:0.000478s ]
INFO: [ view_filter ] --END-- [ RunTime:0.000514s ]
INFO: [ app_end ] --START--
INFO: Run Behavior\ShowPageTraceBehavior [ RunTime:0.000673s ]
INFO: [ app_end ] --END-- [ RunTime:0.000719s ]

[ 2019-03-25T09:21:53+08:00 ] ::1 /shetuanguanli/index.php/Admin/Index/major_list.html
INFO: [ app_init ] --START--
INFO: Run Behavior\BuildLiteBehavior [ RunTime:0.000010s ]
INFO: [ app_init ] --END-- [ RunTime:0.000448s ]
INFO: [ app_begin ] --START--
INFO: Run Behavior\ReadHtmlCacheBehavior [ RunTime:0.000497s ]
INFO: [ app_begin ] --END-- [ RunTime:0.000530s ]
SQL: SHOW COLUMNS FROM `stgl_major` [ RunTime:0.0229s ]
NOTIC: [2] Missing argument 1 for Admin\Model\MajorModel::selMajor(), called in D:\phpStudy\PHPTutorial\WWW\shetuanguanli\Application\Admin\Controller\IndexController.class.php on line 86 and defined D:\phpStudy\PHPTutorial\WWW\shetuanguanli\Application\Admin\Model\MajorModel.class.php 第 28 行.
SQL: SHOW COLUMNS FROM `stgl_major` [ RunTime:0.0111s ]
NOTIC: [8] Undefined variable: data D:\phpStudy\PHPTutorial\WWW\shetuanguanli\Application\Admin\Model\MajorModel.class.php 第 31 行.
SQL: SELECT * FROM `stgl_major`  [ RunTime:0.0003s ]
NOTIC: [2] Missing argument 1 for Admin\Model\MajorModel::countMajor(), called in D:\phpStudy\PHPTutorial\WWW\shetuanguanli\Application\Admin\Controller\IndexController.class.php on line 87 and defined D:\phpStudy\PHPTutorial\WWW\shetuanguanli\Application\Admin\Model\MajorModel.class.php 第 40 行.
NOTIC: [8] Undefined variable: data D:\phpStudy\PHPTutorial\WWW\shetuanguanli\Application\Admin\Model\MajorModel.class.php 第 43 行.
SQL: SELECT COUNT(*) AS tp_count FROM `stgl_major` LIMIT 1   [ RunTime:0.0002s ]
INFO: [ view_parse ] --START--
INFO: [ template_filter ] --START--
INFO: Run Behavior\ContentReplaceBehavior [ RunTime:0.000084s ]
INFO: [ template_filter ] --END-- [ RunTime:0.000118s ]
INFO: Run Behavior\ParseTemplateBehavior [ RunTime:0.008460s ]
INFO: [ view_parse ] --END-- [ RunTime:0.008498s ]
INFO: [ view_filter ] --START--
INFO: Run Behavior\WriteHtmlCacheBehavior [ RunTime:0.000375s ]
INFO: [ view_filter ] --END-- [ RunTime:0.000399s ]
INFO: [ app_end ] --START--
INFO: Run Behavior\ShowPageTraceBehavior [ RunTime:0.000620s ]
INFO: [ app_end ] --END-- [ RunTime:0.000672s ]

